0 info it worked if it ends with ok
1 verbose cli [ '/opt/node-v6.11.4-linux-x64/bin/node',
1 verbose cli   '/usr/bin/npm',
1 verbose cli   'run',
1 verbose cli   'webpack' ]
2 info using npm@3.10.10
3 info using node@v6.11.4
4 verbose stack Error: missing script: webpack
4 verbose stack     at run (/opt/node-v6.11.4-linux-x64/lib/node_modules/npm/lib/run-script.js:151:19)
4 verbose stack     at /opt/node-v6.11.4-linux-x64/lib/node_modules/npm/lib/run-script.js:61:5
4 verbose stack     at /opt/node-v6.11.4-linux-x64/lib/node_modules/npm/node_modules/read-package-json/read-json.js:356:5
4 verbose stack     at checkBinReferences_ (/opt/node-v6.11.4-linux-x64/lib/node_modules/npm/node_modules/read-package-json/read-json.js:320:45)
4 verbose stack     at final (/opt/node-v6.11.4-linux-x64/lib/node_modules/npm/node_modules/read-package-json/read-json.js:354:3)
4 verbose stack     at then (/opt/node-v6.11.4-linux-x64/lib/node_modules/npm/node_modules/read-package-json/read-json.js:124:5)
4 verbose stack     at /opt/node-v6.11.4-linux-x64/lib/node_modules/npm/node_modules/read-package-json/read-json.js:311:12
4 verbose stack     at /opt/node-v6.11.4-linux-x64/lib/node_modules/npm/node_modules/graceful-fs/graceful-fs.js:78:16
4 verbose stack     at tryToString (fs.js:457:3)
4 verbose stack     at FSReqWrap.readFileAfterClose [as oncomplete] (fs.js:444:12)
5 verbose cwd /var/www/html/ramal_virtual2/resources/views
6 error Linux 4.9.0-3-amd64
7 error argv "/opt/node-v6.11.4-linux-x64/bin/node" "/usr/bin/npm" "run" "webpack"
8 error node v6.11.4
9 error npm  v3.10.10
10 error missing script: webpack
11 error If you need help, you may report this error at:
11 error     <https://github.com/npm/npm/issues>
12 verbose exit [ 1, true ]
