[2017-08-15 10:30:00] daemon.WARNING: Iniciando Daemon... [] []
[2017-08-15 10:31:29] daemon.INFO: Iniciando Daemon... [] []
[2017-08-15 10:33:00] daemon.INFO: Iniciando Daemon... ["/home/ramal_virtual/daemons/notification_email_daemon/daemon.php"] []
[2017-08-15 10:40:51] daemon.INFO: Iniciando Daemon... [] []
[2017-08-15 10:41:13] daemon.INFO: Enviando email [] []
[2017-08-15 10:41:13] daemon.DEBUG: Email para : cfranca@bluephone.com.br [] []
[2017-08-15 10:41:13] daemon.DEBUG: Corpo do email:  ["<p><i><u>Bom dia !</u></i><br></p><br><br>"] []
[2017-08-15 10:41:13] daemon.DEBUG: Assunto do email:  ["<p><i><u>Bom dia !</u></i><br></p><br><br>"] []
[2017-08-15 10:41:13] daemon.DEBUG: Tentativa : 1 [] []
[2017-08-15 10:45:17] daemon.INFO: Iniciando Daemon... [] []
[2017-08-15 10:45:17] daemon.INFO: Enviando email [] []
[2017-08-15 10:45:17] daemon.DEBUG: Email para : cfranca@bluephone.com.br [] []
[2017-08-15 10:45:17] daemon.DEBUG: Corpo do email:  ["<p><i><u>Bom dia !</u></i><br></p><br><br>"] []
[2017-08-15 10:45:17] daemon.DEBUG: Assunto do email:  ["<p><i><u>Bom dia !</u></i><br></p><br><br>"] []
[2017-08-15 10:45:17] daemon.DEBUG: Tentativa : 1 [] []
[2017-08-15 10:45:20] daemon.DEBUG: Reponse :  {"status":1} []
[2017-08-15 10:45:20] daemon.INFO: Email enviado com sucesso... [] []
[2017-08-15 10:45:20] daemon.DEBUG: A Notificação é Flash  [] []
[2017-08-15 10:45:20] daemon.DEBUG: Criando registro email_notificacoes  [] []
[2017-08-15 10:47:26] daemon.INFO: Iniciando Daemon... [] []
[2017-08-15 10:47:40] daemon.INFO: Iniciando Daemon... [] []
[2017-08-15 10:48:28] daemon.INFO: Enviando email [] []
[2017-08-15 10:48:28] daemon.DEBUG: Email para : suporte@sertel-info.com.br [] []
[2017-08-15 10:48:28] daemon.DEBUG: Corpo do email:  ["<p>Bom dia !<br></p>"] []
[2017-08-15 10:48:28] daemon.DEBUG: Assunto do email:  ["<p>Bom dia !<br></p>"] []
[2017-08-15 10:48:28] daemon.DEBUG: Tentativa : 1 [] []
[2017-08-15 10:48:31] daemon.DEBUG: Reponse :  {"status":1} []
[2017-08-15 10:48:31] daemon.INFO: Email enviado com sucesso... [] []
[2017-08-15 10:48:31] daemon.DEBUG: A Notificação é Flash  [] []
[2017-08-15 10:48:31] daemon.DEBUG: Criando registro email_notificacoes  [] []
[2017-08-15 11:33:07] daemon.INFO: Iniciando Daemon... [] []
[2017-08-15 11:33:29] daemon.INFO: Iniciando Daemon... [] []
[2017-08-15 11:41:53] daemon.INFO: Iniciando Daemon... [] []
[2017-08-15 11:43:59] daemon.INFO: Iniciando Daemon... [] []
[2017-08-15 11:44:14] daemon.INFO: Iniciando Daemon... [] []
[2017-08-15 11:45:17] daemon.INFO: Iniciando Daemon... [] []
[2017-08-15 11:45:35] daemon.INFO: Iniciando Daemon... [] []
[2017-08-15 12:53:57] daemon.INFO: Iniciando Daemon... [] []
[2017-08-15 12:54:59] daemon.INFO: Iniciando Daemon... [] []
[2017-08-15 12:55:44] daemon.INFO: Iniciando Daemon... [] []
[2017-08-15 12:55:50] daemon.INFO: Iniciando Daemon... [] []
