0 info it worked if it ends with ok
1 verbose cli [ '/opt/node-v6.11.4-linux-x64/bin/node',
1 verbose cli   '/usr/bin/npm',
1 verbose cli   'run',
1 verbose cli   'webpack' ]
2 info using npm@3.10.10
3 info using node@v6.11.4
4 verbose run-script [ 'prewebpack', 'webpack', 'postwebpack' ]
5 info lifecycle ramal_virtual@1.0.0~prewebpack: ramal_virtual@1.0.0
6 silly lifecycle ramal_virtual@1.0.0~prewebpack: no script for prewebpack, continuing
7 info lifecycle ramal_virtual@1.0.0~webpack: ramal_virtual@1.0.0
8 verbose lifecycle ramal_virtual@1.0.0~webpack: unsafe-perm in lifecycle true
9 verbose lifecycle ramal_virtual@1.0.0~webpack: PATH: /opt/node-v6.11.4-linux-x64/lib/node_modules/npm/bin/node-gyp-bin:/var/www/html/ramal_virtual2/resources/views/rv/node_modules/.bin:/opt/node-v6.11.4-linux-x64/bin:/usr/local/sbin:/usr/local/bin:/usr/sbin:/usr/bin:/sbin:/bin
10 verbose lifecycle ramal_virtual@1.0.0~webpack: CWD: /var/www/html/ramal_virtual2/resources/views/rv
11 silly lifecycle ramal_virtual@1.0.0~webpack: Args: [ '-c', 'webpack' ]
12 silly lifecycle ramal_virtual@1.0.0~webpack: Returned: code: 1  signal: null
13 info lifecycle ramal_virtual@1.0.0~webpack: Failed to exec webpack script
14 verbose stack Error: ramal_virtual@1.0.0 webpack: `webpack`
14 verbose stack Exit status 1
14 verbose stack     at EventEmitter.<anonymous> (/opt/node-v6.11.4-linux-x64/lib/node_modules/npm/lib/utils/lifecycle.js:255:16)
14 verbose stack     at emitTwo (events.js:106:13)
14 verbose stack     at EventEmitter.emit (events.js:191:7)
14 verbose stack     at ChildProcess.<anonymous> (/opt/node-v6.11.4-linux-x64/lib/node_modules/npm/lib/utils/spawn.js:40:14)
14 verbose stack     at emitTwo (events.js:106:13)
14 verbose stack     at ChildProcess.emit (events.js:191:7)
14 verbose stack     at maybeClose (internal/child_process.js:920:16)
14 verbose stack     at Process.ChildProcess._handle.onexit (internal/child_process.js:230:5)
15 verbose pkgid ramal_virtual@1.0.0
16 verbose cwd /var/www/html/ramal_virtual2/resources/views/rv/src
17 error Linux 4.9.0-3-amd64
18 error argv "/opt/node-v6.11.4-linux-x64/bin/node" "/usr/bin/npm" "run" "webpack"
19 error node v6.11.4
20 error npm  v3.10.10
21 error code ELIFECYCLE
22 error ramal_virtual@1.0.0 webpack: `webpack`
22 error Exit status 1
23 error Failed at the ramal_virtual@1.0.0 webpack script 'webpack'.
23 error Make sure you have the latest version of node.js and npm installed.
23 error If you do, this is most likely a problem with the ramal_virtual package,
23 error not with npm itself.
23 error Tell the author that this fails on your system:
23 error     webpack
23 error You can get information on how to open an issue for this project with:
23 error     npm bugs ramal_virtual
23 error Or if that isn't available, you can get their info via:
23 error     npm owner ls ramal_virtual
23 error There is likely additional logging output above.
24 verbose exit [ 1, true ]
